<?xml version="1.0" encoding="UTF-8"?>
<!-- Generated by org.testng.reporters.JUnitReportReporter -->
<testsuite hostname="DESKTOP-GCBKI80" failures="0" tests="2" name="Testcase.Login_with_invalid_password" time="23.575" errors="0" timestamp="2024-03-24T21:43:43 IST" skipped="0">
  <testcase classname="Testcase.Login_with_invalid_password" name="Title" time="0.353"/>
  <testcase classname="Testcase.Login_with_invalid_password" name="LoginPage" time="23.222"/>
</testsuite> <!-- Testcase.Login_with_invalid_password -->
