<?xml version="1.0" encoding="UTF-8"?>
<!-- Generated by org.testng.reporters.JUnitReportReporter -->
<testsuite hostname="DESKTOP-GCBKI80" failures="0" tests="1" name="Testcase.ContactUs" time="37.099" errors="0" timestamp="2024-03-24T21:40:14 IST" skipped="0">
  <testcase classname="Testcase.ContactUs" name="Formfilling" time="37.099"/>
</testsuite> <!-- Testcase.ContactUs -->
